d:\projects\cppassignments\cppassignments\x64\debug\vc143.pdb
d:\projects\cppassignments\cppassignments\x64\debug\vc143.idb
d:\projects\cppassignments\cppassignments\x64\debug\app.obj
d:\projects\cppassignments\cppassignments\x64\debug\pointers.obj
d:\projects\cppassignments\cppassignments\x64\debug\playground.obj
d:\projects\cppassignments\cppassignments\x64\debug\cppassignments.ilk
d:\projects\cppassignments\x64\debug\app.pdb
d:\projects\cppassignments\cppassignments\x64\debug\app.tlog\cl.command.1.tlog
d:\projects\cppassignments\cppassignments\x64\debug\app.tlog\cl.read.1.tlog
d:\projects\cppassignments\cppassignments\x64\debug\app.tlog\cl.write.1.tlog
d:\projects\cppassignments\cppassignments\x64\debug\app.tlog\link-cvtres.read.1.tlog
d:\projects\cppassignments\cppassignments\x64\debug\app.tlog\link-cvtres.write.1.tlog
d:\projects\cppassignments\cppassignments\x64\debug\app.tlog\link-rc.read.1.tlog
d:\projects\cppassignments\cppassignments\x64\debug\app.tlog\link-rc.write.1.tlog
d:\projects\cppassignments\cppassignments\x64\debug\app.tlog\link.25928-cvtres.read.1.tlog
d:\projects\cppassignments\cppassignments\x64\debug\app.tlog\link.25928-cvtres.write.1.tlog
d:\projects\cppassignments\cppassignments\x64\debug\app.tlog\link.25928-rc.read.1.tlog
d:\projects\cppassignments\cppassignments\x64\debug\app.tlog\link.25928-rc.write.1.tlog
d:\projects\cppassignments\cppassignments\x64\debug\app.tlog\link.25928.read.1.tlog
d:\projects\cppassignments\cppassignments\x64\debug\app.tlog\link.25928.read.5.tlog
d:\projects\cppassignments\cppassignments\x64\debug\app.tlog\link.25928.write.1.tlog
d:\projects\cppassignments\cppassignments\x64\debug\app.tlog\link.command.1.tlog
d:\projects\cppassignments\cppassignments\x64\debug\app.tlog\link.read.1.tlog
d:\projects\cppassignments\cppassignments\x64\debug\app.tlog\link.read.5.tlog
d:\projects\cppassignments\cppassignments\x64\debug\app.tlog\link.write.1.tlog
